INFO:werkzeug:[31m[1mWARNING: This is a development server. Do not use it in a production deployment. Use a production WSGI server instead.[0m
 * Running on all addresses (0.0.0.0)
 * Running on https://127.0.0.1:8080
 * Running on https://192.168.1.176:8080
INFO:werkzeug:[33mPress CTRL+C to quit[0m
INFO:werkzeug: * Restarting with stat
WARNING:werkzeug: * Debugger is active!
INFO:werkzeug: * Debugger PIN: 113-464-788
2023-12-19 20:38:56,981 WARNING: Failed login attempt for user: user [in C:\Users\T14s\Desktop\SIDSTE IOT\Programmering\HJEMMESIDE\app.py:60]
2023-12-19 21:51:03,868 WARNING: Failed login attempt for user: user [in C:\Users\T14s\Desktop\SIDSTE IOT\Programmering\HJEMMESIDE\app.py:50]
2023-12-19 21:51:08,646 WARNING: Failed login attempt for user: user [in C:\Users\T14s\Desktop\SIDSTE IOT\Programmering\HJEMMESIDE\app.py:50]
2023-12-19 21:51:11,331 WARNING: Failed login attempt for user: user [in C:\Users\T14s\Desktop\SIDSTE IOT\Programmering\HJEMMESIDE\app.py:50]
2023-12-19 21:51:14,046 WARNING: Failed login attempt for user: user [in C:\Users\T14s\Desktop\SIDSTE IOT\Programmering\HJEMMESIDE\app.py:50]
2023-12-19 21:51:17,157 WARNING: Failed login attempt for user: user [in C:\Users\T14s\Desktop\SIDSTE IOT\Programmering\HJEMMESIDE\app.py:50]
2023-12-19 21:51:19,935 WARNING: Failed login attempt for user: user [in C:\Users\T14s\Desktop\SIDSTE IOT\Programmering\HJEMMESIDE\app.py:50]
2023-12-19 21:51:24,767 WARNING: Failed login attempt for user: user [in C:\Users\T14s\Desktop\SIDSTE IOT\Programmering\HJEMMESIDE\app.py:50]
2023-12-19 22:03:27,202 WARNING: Failed login attempt for user: user [in C:\Users\T14s\Desktop\SIDSTE IOT\Programmering\HJEMMESIDE\app.py:50]
2023-12-19 22:03:28,597 WARNING: Failed login attempt for user: user [in C:\Users\T14s\Desktop\SIDSTE IOT\Programmering\HJEMMESIDE\app.py:50]
2023-12-19 22:03:29,145 WARNING: Failed login attempt for user: user [in C:\Users\T14s\Desktop\SIDSTE IOT\Programmering\HJEMMESIDE\app.py:50]
2023-12-19 22:03:29,735 WARNING: Failed login attempt for user: user [in C:\Users\T14s\Desktop\SIDSTE IOT\Programmering\HJEMMESIDE\app.py:50]
2023-12-19 22:03:30,281 WARNING: Failed login attempt for user: user [in C:\Users\T14s\Desktop\SIDSTE IOT\Programmering\HJEMMESIDE\app.py:50]
2023-12-19 22:03:30,805 WARNING: Failed login attempt for user: user [in C:\Users\T14s\Desktop\SIDSTE IOT\Programmering\HJEMMESIDE\app.py:50]
2023-12-19 22:03:32,327 WARNING: Failed login attempt for user: user [in C:\Users\T14s\Desktop\SIDSTE IOT\Programmering\HJEMMESIDE\app.py:50]
2023-12-19 22:03:35,987 WARNING: Failed login attempt for user: user [in C:\Users\T14s\Desktop\SIDSTE IOT\Programmering\HJEMMESIDE\app.py:50]
2023-12-19 22:03:39,464 WARNING: Failed login attempt for user: user [in C:\Users\T14s\Desktop\SIDSTE IOT\Programmering\HJEMMESIDE\app.py:50]
2023-12-19 22:03:42,532 WARNING: Failed login attempt for user: user [in C:\Users\T14s\Desktop\SIDSTE IOT\Programmering\HJEMMESIDE\app.py:50]
2023-12-19 22:03:45,598 WARNING: Failed login attempt for user: user [in C:\Users\T14s\Desktop\SIDSTE IOT\Programmering\HJEMMESIDE\app.py:50]
2023-12-19 22:07:04,774 WARNING: Failed login attempt for user: user [in C:\Users\T14s\Desktop\SIDSTE IOT\Programmering\HJEMMESIDE\app.py:50]
2023-12-19 22:07:08,851 WARNING: Failed login attempt for user: user [in C:\Users\T14s\Desktop\SIDSTE IOT\Programmering\HJEMMESIDE\app.py:50]
2023-12-19 22:07:11,130 WARNING: Failed login attempt for user: user [in C:\Users\T14s\Desktop\SIDSTE IOT\Programmering\HJEMMESIDE\app.py:50]
2023-12-19 22:07:13,659 WARNING: Failed login attempt for user: user [in C:\Users\T14s\Desktop\SIDSTE IOT\Programmering\HJEMMESIDE\app.py:50]
